<?xml version="1.0" encoding="UTF-8"?>
<!-- Generated by org.testng.reporters.JUnitReportReporter -->
<testsuite hostname="user" name="Testrr" tests="1" failures="0" timestamp="5 Sep 2016 16:27:45 GMT" time="45.019" errors="0">
  <testcase name="testtry" time="45.019" classname="Testrr"/>
</testsuite> <!-- Testrr -->
